<?xml version="1.0" encoding="UTF-8"?>
<testsuite xmlns:xsi="http://www.w3.org/2001/XMLSchema-instance" xsi:schemaLocation="https://maven.apache.org/surefire/maven-surefire-plugin/xsd/surefire-test-report.xsd" name="com.mycompony.sinavendingmachin.dao.VendingMachinDaoFileImplTest" time="0.06" tests="3" errors="0" skipped="0" failures="0">
  <properties>
[...]
</properties>
  <testcase name="testPurchaseItem" classname="com.mycompony.sinavendingmachin.dao.VendingMachinDaoFileImplTest" time="0.047"/>
  <testcase name="testcreditDifference" classname="com.mycompony.sinavendingmachin.dao.VendingMachinDaoFileImplTest" time="0.001"/>
  <testcase name="testGetAllInventoryAndGetAllAvailable" classname="com.mycompony.sinavendingmachin.dao.VendingMachinDaoFileImplTest" time="0.007"/>
</testsuite>